\BOOKMARK [1][-]{section.1}{\376\377\000I\000n\000t\000r\000o\000d\000u\000c\000t\000i\000o\000n}{}% 1
\BOOKMARK [1][-]{section.2}{\376\377\000E\000n\000t\000r\000y\000\040\000P\000o\000i\000n\000t\000s}{}% 2
\BOOKMARK [1][-]{section.3}{\376\377\000W\000o\000r\000m\000\040\000M\000o\000d\000u\000l\000e\000s}{}% 3
\BOOKMARK [2][-]{subsection.3.1}{\376\377\000P\000r\000i\000v\000i\000l\000e\000g\000e\000\040\000E\000s\000c\000a\000l\000a\000t\000i\000o\000n}{section.3}% 4
\BOOKMARK [3][-]{subsubsection.3.1.1}{\376\377\000C\000V\000E\000-\0002\0000\0001\0009\000-\0001\0003\0002\0007\0002}{subsection.3.1}% 5
\BOOKMARK [3][-]{subsubsection.3.1.2}{\376\377\000C\000V\000E\000-\0002\0000\0002\0001\000-\0002\0002\0005\0005\0005}{subsection.3.1}% 6
\BOOKMARK [2][-]{subsection.3.2}{\376\377\000R\000o\000o\000t\000k\000i\000t}{section.3}% 7
\BOOKMARK [2][-]{subsection.3.3}{\376\377\000N\000e\000t\000w\000o\000r\000k\000\040\000P\000r\000o\000p\000a\000g\000a\000t\000i\000o\000n}{section.3}% 8
\BOOKMARK [2][-]{subsection.3.4}{\376\377\000K\000e\000y\000l\000o\000g\000g\000e\000r}{section.3}% 9
\BOOKMARK [2][-]{subsection.3.5}{\376\377\000S\000e\000r\000v\000e\000r\000\040\000M\000a\000n\000a\000g\000e\000m\000e\000n\000t}{section.3}% 10
\BOOKMARK [2][-]{subsection.3.6}{\376\377\000B\000a\000c\000k\000d\000o\000o\000r}{section.3}% 11
\BOOKMARK [2][-]{subsection.3.7}{\376\377\000R\000a\000n\000s\000o\000m\000w\000a\000r\000e}{section.3}% 12
\BOOKMARK [2][-]{subsection.3.8}{\376\377\000D\000D\000o\000S}{section.3}% 13
\BOOKMARK [1][-]{section.4}{\376\377\000P\000r\000o\000b\000l\000e\000m\000s\000,\000\040\000L\000i\000m\000i\000t\000a\000t\000i\000o\000n\000s\000\040\000a\000n\000d\000\040\000F\000u\000t\000u\000r\000e\000\040\000W\000o\000r\000k}{}% 14
\BOOKMARK [2][-]{subsection.4.1}{\376\377\000P\000r\000o\000b\000l\000e\000m\000s\000\040\000a\000n\000d\000\040\000L\000i\000m\000i\000t\000a\000t\000i\000o\000n\000s}{section.4}% 15
\BOOKMARK [2][-]{subsection.4.2}{\376\377\000F\000u\000t\000u\000r\000e\000\040\000W\000o\000r\000k}{section.4}% 16
\BOOKMARK [3][-]{subsubsection.4.2.1}{\376\377\000C\000u\000r\000r\000e\000n\000t\000\040\000S\000t\000a\000t\000e}{subsection.4.2}% 17
\BOOKMARK [3][-]{subsubsection.4.2.2}{\376\377\000G\000o\000a\000l\000\040\000S\000t\000a\000t\000e}{subsection.4.2}% 18
\BOOKMARK [1][-]{section.5}{\376\377\000C\000o\000n\000c\000l\000u\000s\000i\000o\000n}{}% 19
\BOOKMARK [1][-]{section.6}{\376\377\000R\000e\000p\000o\000s\000i\000t\000o\000r\000y}{}% 20
\BOOKMARK [1][-]{section*.5}{\376\377\000R\000e\000f\000e\000r\000e\000n\000c\000e\000s}{}% 21
